<?xml version="1.0" encoding="UTF-8"?>
<!-- Generated by org.testng.reporters.JUnitXMLReporter -->
<testsuite ignored="0" hostname="LAPTOP-6ABHP4CK" failures="0" tests="11" name="TutoraialsNinja Tests" time="107.445" errors="0" timestamp="2023-07-21T12:45:10 IST">
  <testcase classname="com.tutorialsninja.qa.testcases.RegisterTest" name="verifyRegisterWithMandatoryFields" time="0.841"/>
  <testcase classname="com.tutorialsninja.qa.testcases.RegisterTest" name="verifyRegisterWithAllFields" time="1.035"/>
  <testcase classname="com.tutorialsninja.qa.testcases.RegisterTest" name="verifyRegisterWithDuplicateMail" time="0.958"/>
  <testcase classname="com.tutorialsninja.qa.testcases.RegisterTest" name="verifyRegisterWithoutFillingDetails" time="0.457"/>
  <testcase classname="com.tutorialsninja.qa.testcases.LoginTest" name="ValidEmailandPassword" time="0.453"/>
  <testcase classname="com.tutorialsninja.qa.testcases.LoginTest" name="ValidEmailandPassword" time="0.513"/>
  <testcase classname="com.tutorialsninja.qa.testcases.LoginTest" name="ValidEmailandPassword" time="0.607"/>
  <testcase classname="com.tutorialsninja.qa.testcases.LoginTest" name="InValidEmailandPassword" time="0.482"/>
  <testcase classname="com.tutorialsninja.qa.testcases.LoginTest" name="InValidEmailandValidPassword" time="0.431"/>
  <testcase classname="com.tutorialsninja.qa.testcases.SearchTest" name="verifySearchExistingProductName" time="0.438"/>
  <testcase classname="com.tutorialsninja.qa.testcases.SearchTest" name="verifyInvalidProductName" time="0.47"/>
</testsuite> <!-- TutoraialsNinja Tests -->
